INFO	2024-01-28 15:05:59,836	0	org.example.View.MainApp	[main]	Creating a new employee from user input...
INFO	2024-01-28 15:06:21,292	21456	org.example.View.MainApp	[main]	Employee created successfully
INFO	2024-01-28 15:13:20,749	0	org.example.View.MainApp	[main]	Creating a new employee from user input...
INFO	2024-01-28 15:13:41,697	20948	org.example.View.MainApp	[main]	Invalid input. Please enter a valid Salary 
INFO	2024-01-28 15:14:37,827	0	org.example.View.MainApp	[main]	Creating a new employee from user input...
INFO	2024-01-28 15:15:24,659	46832	org.example.View.MainApp	[main]	Employee created successfully
INFO	2024-01-28 15:17:16,220	158393	org.example.View.MainApp	[main]	Updating Employee...
INFO	2024-01-28 15:17:20,597	162770	org.example.View.MainApp	[main]	Creating a new employee from user input...
INFO	2024-01-28 15:18:29,934	232107	org.example.View.MainApp	[main]	Employee created successfully
INFO	2024-01-28 15:18:32,989	235162	org.example.View.MainApp	[main]	Updating Employee...
INFO	2024-01-28 15:18:36,594	238767	org.example.View.MainApp	[main]	Creating a new employee from user input...
INFO	2024-01-28 15:20:20,122	342295	org.example.View.MainApp	[main]	Employee created successfully
INFO	2024-01-28 15:23:35,535	0	org.example.View.MainApp	[main]	Creating a new employee from user input...
INFO	2024-01-28 15:41:42,758	0	org.example.View.MainApp	[main]	Creating a new employee from user input...
ERROR	2024-01-28 15:41:52,438	9680	org.example.View.MainApp	[main]	Invalid input. Please enter a valid EmployeeID: 
INFO	2024-01-28 15:49:50,726	0	org.example.View.MainApp	[main]	Creating a new employee from user input...
ERROR	2024-01-28 15:49:53,643	2917	org.example.View.MainApp	[main]	Invalid input. Please enter a valid EmployeeID: 
ERROR	2024-01-28 15:51:34,376	103650	org.example.View.MainApp	[main]	Invalid input. Please enter a valid First Name: 
ERROR	2024-01-28 15:51:42,523	111797	org.example.View.MainApp	[main]	Invalid input. Please enter a valid First Name: 
INFO	2024-01-28 15:54:41,049	0	org.example.View.MainApp	[main]	Creating a new employee from user input...
ERROR	2024-01-28 15:54:43,732	2683	org.example.View.MainApp	[main]	Invalid input exception: null
java.util.InputMismatchException
	at java.base/java.util.Scanner.throwFor(Scanner.java:939)
	at java.base/java.util.Scanner.next(Scanner.java:1594)
	at java.base/java.util.Scanner.nextInt(Scanner.java:2258)
	at java.base/java.util.Scanner.nextInt(Scanner.java:2212)
	at org.example.View.MainApp.createEmployeeFromUserInput(MainApp.java:65)
	at org.example.View.MainApp.main(MainApp.java:34)
ERROR	2024-01-28 15:54:48,687	7638	org.example.View.MainApp	[main]	Invalid input exception: null
java.util.InputMismatchException
	at org.example.View.MainApp.createEmployeeFromUserInput(MainApp.java:80)
	at org.example.View.MainApp.main(MainApp.java:34)
ERROR	2024-01-28 15:54:56,219	15170	org.example.View.MainApp	[main]	Invalid input exception: null
java.util.InputMismatchException
	at org.example.View.MainApp.createEmployeeFromUserInput(MainApp.java:92)
	at org.example.View.MainApp.main(MainApp.java:34)
ERROR	2024-01-28 15:55:03,680	22631	org.example.View.MainApp	[main]	Invalid input exception: null
java.util.InputMismatchException
	at java.base/java.util.Scanner.throwFor(Scanner.java:939)
	at java.base/java.util.Scanner.next(Scanner.java:1594)
	at java.base/java.util.Scanner.nextDouble(Scanner.java:2564)
	at org.example.View.MainApp.createEmployeeFromUserInput(MainApp.java:105)
	at org.example.View.MainApp.main(MainApp.java:34)
INFO	2024-01-28 15:55:08,263	27214	org.example.View.MainApp	[main]	Employee created successfully
INFO	2024-01-28 15:55:15,003	33954	org.example.View.MainApp	[main]	Updating Employee...
INFO	2024-01-28 16:47:06,034	1	org.example.View.MainApp	[main]	Updating Employee...
INFO	2024-01-28 16:48:51,361	0	org.example.View.MainApp	[main]	Updating Employee...
INFO	2024-01-28 16:50:34,807	0	org.example.View.MainApp	[main]	Deleting Employee...
INFO	2024-01-28 16:52:36,357	0	org.example.View.MainApp	[main]	Updating Employee...
INFO	2024-01-28 16:53:43,895	0	org.example.View.MainApp	[main]	Updating Employee...
ERROR	2024-01-28 16:53:45,881	1986	org.example.View.MainApp	[main]	Invalid input exception: null
java.util.InputMismatchException
	at java.base/java.util.Scanner.throwFor(Scanner.java:939)
	at java.base/java.util.Scanner.next(Scanner.java:1594)
	at java.base/java.util.Scanner.nextInt(Scanner.java:2258)
	at java.base/java.util.Scanner.nextInt(Scanner.java:2212)
	at org.example.View.MainApp.updateEmployee(MainApp.java:126)
	at org.example.View.MainApp.main(MainApp.java:46)
INFO	2024-01-28 17:10:36,254	0	org.example.View.MainApp	[main]	Updating Employee...
ERROR	2024-01-28 17:10:38,425	2171	org.example.View.MainApp	[main]	Invalid input exception. Please enter a valid ID
INFO	2024-01-28 17:12:36,457	0	org.example.View.MainApp	[main]	Updating Employee...
INFO	2024-01-28 17:12:44,149	7692	org.example.View.MainApp	[main]	Updating Employee...
INFO	2024-01-28 17:14:15,656	0	org.example.View.MainApp	[main]	Updating Employee...
INFO	2024-01-28 17:14:29,132	13476	org.example.View.MainApp	[main]	Updating Employee...
INFO	2024-01-28 17:16:08,499	0	org.example.View.MainApp	[main]	Creating a new employee from user input...
INFO	2024-01-28 17:16:26,855	18356	org.example.View.MainApp	[main]	Employee created successfully
INFO	2024-01-28 18:34:26,956	0	org.example.View.MainApp	[main]	Creating a new employee from user input...
ERROR	2024-01-28 18:34:31,715	4759	org.example.View.MainApp	[main]	Invalid input exception: null
java.util.InputMismatchException
	at java.base/java.util.Scanner.throwFor(Scanner.java:939)
	at java.base/java.util.Scanner.next(Scanner.java:1594)
	at java.base/java.util.Scanner.nextInt(Scanner.java:2258)
	at java.base/java.util.Scanner.nextInt(Scanner.java:2212)
	at org.example.View.MainApp.createEmployeeFromUserInput(MainApp.java:66)
	at org.example.View.MainApp.main(MainApp.java:35)
INFO	2024-01-28 18:34:51,916	24960	org.example.View.MainApp	[main]	Employee created successfully
INFO	2024-01-28 18:35:05,197	38241	org.example.View.MainApp	[main]	Updating Employee...
INFO	2024-01-28 18:35:32,517	0	org.example.View.MainApp	[main]	Creating a new employee from user input...
ERROR	2024-01-28 18:35:40,619	8102	org.example.View.MainApp	[main]	Invalid input exception: null
java.util.InputMismatchException
	at java.base/java.util.Scanner.throwFor(Scanner.java:939)
	at java.base/java.util.Scanner.next(Scanner.java:1594)
	at java.base/java.util.Scanner.nextInt(Scanner.java:2258)
	at java.base/java.util.Scanner.nextInt(Scanner.java:2212)
	at org.example.View.MainApp.createEmployeeFromUserInput(MainApp.java:66)
	at org.example.View.MainApp.main(MainApp.java:35)
ERROR	2024-01-28 18:35:51,781	19264	org.example.View.MainApp	[main]	Invalid input exception: null
java.util.InputMismatchException
	at org.example.View.MainApp.createEmployeeFromUserInput(MainApp.java:81)
	at org.example.View.MainApp.main(MainApp.java:35)
INFO	2024-01-28 18:36:34,172	61655	org.example.View.MainApp	[main]	Employee created successfully
INFO	2024-01-28 18:36:41,067	68550	org.example.View.MainApp	[main]	Updating Employee...
INFO	2024-01-28 18:36:45,685	73168	org.example.View.MainApp	[main]	Creating a new employee from user input...
INFO	2024-01-28 18:37:07,869	95352	org.example.View.MainApp	[main]	Employee created successfully
INFO	2024-01-28 18:37:07,869	95352	org.example.View.MainApp	[main]	Employee Updated Successfully
INFO	2024-01-28 18:37:12,702	100185	org.example.View.MainApp	[main]	Deleting Employee...
INFO	2024-01-28 21:09:22,172	0	org.example.View.MainApp	[main]	Creating a new employee from user input...
ERROR	2024-01-28 21:09:25,576	3404	org.example.View.MainApp	[main]	Invalid input exception: null
java.util.InputMismatchException
	at java.base/java.util.Scanner.throwFor(Scanner.java:939)
	at java.base/java.util.Scanner.next(Scanner.java:1594)
	at java.base/java.util.Scanner.nextInt(Scanner.java:2258)
	at java.base/java.util.Scanner.nextInt(Scanner.java:2212)
	at org.example.View.MainApp.createEmployeeFromUserInput(MainApp.java:66)
	at org.example.View.MainApp.main(MainApp.java:35)
ERROR	2024-01-28 21:09:33,009	10837	org.example.View.MainApp	[main]	Invalid input exception: null
java.util.InputMismatchException
	at org.example.View.MainApp.createEmployeeFromUserInput(MainApp.java:81)
	at org.example.View.MainApp.main(MainApp.java:35)
ERROR	2024-01-28 21:09:50,580	28408	org.example.View.MainApp	[main]	Invalid input exception: null
java.util.InputMismatchException
	at org.example.View.MainApp.createEmployeeFromUserInput(MainApp.java:93)
	at org.example.View.MainApp.main(MainApp.java:35)
INFO	2024-01-28 21:10:33,996	71824	org.example.View.MainApp	[main]	Employee created successfully
INFO	2024-01-28 21:11:09,470	107298	org.example.View.MainApp	[main]	Deleting Employee...
INFO	2024-01-28 21:11:12,761	110589	org.example.View.MainApp	[main]	Employee deleted Successfully
INFO	2024-01-28 21:14:18,287	0	org.example.View.MainApp	[main]	Creating a new employee from user input...
INFO	2024-01-28 21:14:45,964	27677	org.example.View.MainApp	[main]	Employee created successfully
INFO	2024-01-28 21:14:59,854	41567	org.example.View.MainApp	[main]	Deleting Employee...
INFO	2024-01-28 21:15:02,925	44638	org.example.View.MainApp	[main]	Employee deleted Successfully
INFO	2024-01-28 21:20:25,530	0	org.example.View.MainApp	[main]	Creating a new employee from user input...
INFO	2024-01-28 21:20:43,492	17962	org.example.View.MainApp	[main]	Employee created successfully
INFO	2024-01-28 21:20:53,612	28082	org.example.View.MainApp	[main]	Updating Employee...
INFO	2024-01-28 21:20:59,739	34209	org.example.View.MainApp	[main]	Creating a new employee from user input...
INFO	2024-01-28 21:21:27,630	62100	org.example.View.MainApp	[main]	Employee created successfully
INFO	2024-01-28 21:21:27,630	62100	org.example.View.MainApp	[main]	Employee Updated Successfully
INFO	2024-01-28 21:23:14,408	168878	org.example.View.MainApp	[main]	Creating a new employee from user input...
ERROR	2024-01-28 21:23:18,265	172735	org.example.View.MainApp	[main]	Invalid input exception: null
java.util.InputMismatchException
	at java.base/java.util.Scanner.throwFor(Scanner.java:939)
	at java.base/java.util.Scanner.next(Scanner.java:1594)
	at java.base/java.util.Scanner.nextInt(Scanner.java:2258)
	at java.base/java.util.Scanner.nextInt(Scanner.java:2212)
	at org.example.View.MainApp.createEmployeeFromUserInput(MainApp.java:66)
	at org.example.View.MainApp.main(MainApp.java:35)
ERROR	2024-01-28 21:24:28,601	243071	org.example.View.MainApp	[main]	Invalid input exception: null
java.util.InputMismatchException
	at org.example.View.MainApp.createEmployeeFromUserInput(MainApp.java:81)
	at org.example.View.MainApp.main(MainApp.java:35)
ERROR	2024-01-28 21:24:46,789	261259	org.example.View.MainApp	[main]	Invalid input exception: null
java.util.InputMismatchException
	at java.base/java.util.Scanner.throwFor(Scanner.java:939)
	at java.base/java.util.Scanner.next(Scanner.java:1594)
	at java.base/java.util.Scanner.nextDouble(Scanner.java:2564)
	at org.example.View.MainApp.createEmployeeFromUserInput(MainApp.java:106)
	at org.example.View.MainApp.main(MainApp.java:35)
INFO	2024-01-28 21:25:17,479	291949	org.example.View.MainApp	[main]	Employee created successfully
INFO	2024-01-29 09:19:43,713	0	org.example.View.MainApp	[main]	Creating a new employee from user input...
INFO	2024-01-29 09:19:56,304	12591	org.example.View.MainApp	[main]	Employee created successfully
INFO	2024-01-29 09:19:59,462	15749	org.example.View.MainApp	[main]	Creating a new employee from user input...
ERROR	2024-01-29 09:20:09,702	25989	org.example.View.MainApp	[main]	Invalid input exception: null
java.util.InputMismatchException
	at java.base/java.util.Scanner.throwFor(Scanner.java:939)
	at java.base/java.util.Scanner.next(Scanner.java:1594)
	at java.base/java.util.Scanner.nextDouble(Scanner.java:2564)
	at org.example.View.MainApp.createEmployeeFromUserInput(MainApp.java:106)
	at org.example.View.MainApp.main(MainApp.java:35)
INFO	2024-01-29 09:20:15,525	31812	org.example.View.MainApp	[main]	Employee created successfully
INFO	2024-01-29 09:49:31,564	0	org.example.View.MainApp	[main]	Creating a new employee from user input...
INFO	2024-01-29 09:49:41,292	9728	org.example.View.MainApp	[main]	Employee created successfully
INFO	2024-01-29 10:50:54,360	0	org.example.View.MainApp	[main]	Creating a new employee from user input...
ERROR	2024-01-29 10:51:06,152	11792	org.example.View.MainApp	[main]	Invalid input exception: null
java.util.InputMismatchException
	at java.base/java.util.Scanner.throwFor(Scanner.java:939)
	at java.base/java.util.Scanner.next(Scanner.java:1594)
	at java.base/java.util.Scanner.nextInt(Scanner.java:2258)
	at java.base/java.util.Scanner.nextInt(Scanner.java:2212)
	at org.example.View.MainApp.createEmployeeFromUserInput(MainApp.java:66)
	at org.example.View.MainApp.main(MainApp.java:35)
INFO	2024-01-29 10:51:23,446	29086	org.example.View.MainApp	[main]	Employee created successfully
INFO	2024-01-29 10:51:25,961	31601	org.example.View.MainApp	[main]	Creating a new employee from user input...
INFO	2024-01-29 10:51:36,902	42542	org.example.View.MainApp	[main]	Employee created successfully
INFO	2024-01-29 10:51:52,876	58516	org.example.View.MainApp	[main]	Updating Employee...
INFO	2024-01-29 11:46:29,918	0	org.example.View.MainApp	[main]	Creating a new employee from user input...
INFO	2024-01-29 11:46:39,780	9862	org.example.View.MainApp	[main]	Employee created successfully
INFO	2024-01-29 11:46:43,401	13483	org.example.View.MainApp	[main]	Updating Employee...
INFO	2024-01-29 11:46:44,844	14926	org.example.View.MainApp	[main]	Creating a new employee from user input...
INFO	2024-01-29 11:46:59,083	29165	org.example.View.MainApp	[main]	Employee created successfully
INFO	2024-01-29 11:46:59,083	29165	org.example.View.MainApp	[main]	Employee Updated Successfully
INFO	2024-01-29 15:23:27,282	0	org.example.View.MainApp	[main]	Creating a new employee from user input...
INFO	2024-01-29 15:23:38,224	10942	org.example.View.MainApp	[main]	Employee created successfully
INFO	2024-01-29 15:35:55,700	0	org.example.View.MainApp	[main]	Creating a new employee from user input...
INFO	2024-01-29 15:36:05,525	9825	org.example.View.MainApp	[main]	Employee created successfully
INFO	2024-01-29 15:36:07,923	12223	org.example.View.MainApp	[main]	Updating Employee...
ERROR	2024-01-29 15:36:12,062	16362	org.example.View.MainApp	[main]	Invalid input exception: null
java.util.InputMismatchException
	at java.base/java.util.Scanner.throwFor(Scanner.java:939)
	at java.base/java.util.Scanner.next(Scanner.java:1594)
	at java.base/java.util.Scanner.nextInt(Scanner.java:2258)
	at java.base/java.util.Scanner.nextInt(Scanner.java:2212)
	at org.example.View.MainApp.updateEmployee(MainApp.java:147)
	at org.example.View.MainApp.main(MainApp.java:49)
INFO	2024-01-29 15:39:02,297	186597	org.example.View.MainApp	[main]	Deleting Employee...
INFO	2024-01-29 15:41:53,806	0	org.example.View.MainApp	[main]	Creating a new employee from user input...
INFO	2024-01-29 15:42:08,569	14763	org.example.View.MainApp	[main]	Employee created successfully
INFO	2024-01-29 15:42:14,372	20566	org.example.View.MainApp	[main]	Updating Employee...
INFO	2024-01-29 15:42:17,137	23331	org.example.View.MainApp	[main]	Creating a new employee from user input...
ERROR	2024-01-29 15:42:21,320	27514	org.example.View.MainApp	[main]	Invalid input exception: null
java.util.InputMismatchException
	at java.base/java.util.Scanner.throwFor(Scanner.java:939)
	at java.base/java.util.Scanner.next(Scanner.java:1594)
	at java.base/java.util.Scanner.nextInt(Scanner.java:2258)
	at java.base/java.util.Scanner.nextInt(Scanner.java:2212)
	at org.example.View.MainApp.createEmployeeFromUserInput(MainApp.java:86)
	at org.example.View.MainApp.updateEmployee(MainApp.java:154)
	at org.example.View.MainApp.main(MainApp.java:49)
INFO	2024-01-29 15:42:36,295	42489	org.example.View.MainApp	[main]	Employee created successfully
INFO	2024-01-29 15:42:36,295	42489	org.example.View.MainApp	[main]	Employee Updated Successfully
INFO	2024-01-29 16:02:43,956	0	org.example.View.MainApp	[main]	Creating a new employee from user input...
INFO	2024-01-29 16:03:35,796	51840	org.example.View.MainApp	[main]	Employee created successfully
INFO	2024-01-29 16:03:39,454	55498	org.example.View.MainApp	[main]	Updating Employee...
ERROR	2024-01-29 16:03:43,693	59737	org.example.View.MainApp	[main]	Invalid input exception: null
java.util.InputMismatchException
	at java.base/java.util.Scanner.throwFor(Scanner.java:939)
	at java.base/java.util.Scanner.next(Scanner.java:1594)
	at java.base/java.util.Scanner.nextInt(Scanner.java:2258)
	at java.base/java.util.Scanner.nextInt(Scanner.java:2212)
	at org.example.View.MainApp.updateEmployee(MainApp.java:149)
	at org.example.View.MainApp.main(MainApp.java:49)
INFO	2024-01-29 16:04:52,829	128873	org.example.View.MainApp	[main]	Creating a new employee from user input...
INFO	2024-01-29 16:05:10,557	146601	org.example.View.MainApp	[main]	Employee created successfully
INFO	2024-01-29 16:05:10,558	146602	org.example.View.MainApp	[main]	Employee Updated Successfully
INFO	2024-01-29 16:05:13,825	149869	org.example.View.MainApp	[main]	Deleting Employee...
ERROR	2024-01-29 16:05:18,865	154909	org.example.View.MainApp	[main]	Employee not found for deletion. Invalid ID: 1
ERROR	2024-01-29 16:08:52,148	368192	org.example.View.MainApp	[main]	Employee not found for deletion. Invalid ID: 1
ERROR	2024-01-29 16:08:59,194	375238	org.example.View.MainApp	[main]	Employee not found for deletion. Invalid ID: 2
INFO	2024-01-29 16:15:14,810	0	org.example.View.MainApp	[main]	Creating a new employee from user input...
INFO	2024-01-29 16:15:24,062	9252	org.example.View.MainApp	[main]	Employee created successfully
INFO	2024-01-29 16:15:28,761	13951	org.example.View.MainApp	[main]	Deleting Employee...
ERROR	2024-01-29 16:15:32,469	17659	org.example.View.MainApp	[main]	Employee not found for deletion. Invalid ID: 7
ERROR	2024-01-29 16:15:43,062	28252	org.example.View.MainApp	[main]	Employee not found for deletion. Invalid ID: 3
ERROR	2024-01-29 16:15:47,846	33036	org.example.View.MainApp	[main]	Employee not found for deletion. Invalid ID: 6
ERROR	2024-01-29 16:15:50,607	35797	org.example.View.MainApp	[main]	Employee not found for deletion. Invalid ID: 6
INFO	2024-01-29 16:17:41,194	0	org.example.View.MainApp	[main]	Creating a new employee from user input...
INFO	2024-01-29 16:17:51,332	10138	org.example.View.MainApp	[main]	Employee created successfully
INFO	2024-01-29 16:17:53,591	12397	org.example.View.MainApp	[main]	Deleting Employee...
ERROR	2024-01-29 16:17:56,432	15238	org.example.View.MainApp	[main]	Employee not found for deletion. Invalid ID: 4
ERROR	2024-01-29 16:18:28,154	46960	org.example.View.MainApp	[main]	Employee not found for deletion. Invalid ID: 5
ERROR	2024-01-29 16:18:29,803	48609	org.example.View.MainApp	[main]	Employee not found for deletion. Invalid ID: 6
ERROR	2024-01-29 16:18:31,092	49898	org.example.View.MainApp	[main]	Employee not found for deletion. Invalid ID: 7
ERROR	2024-01-29 16:18:32,777	51583	org.example.View.MainApp	[main]	Employee not found for deletion. Invalid ID: 8
INFO	2024-01-29 16:19:26,337	0	org.example.View.MainApp	[main]	Creating a new employee from user input...
INFO	2024-01-29 16:19:34,011	7674	org.example.View.MainApp	[main]	Employee created successfully
INFO	2024-01-29 16:19:38,196	11859	org.example.View.MainApp	[main]	Deleting Employee...
ERROR	2024-01-29 16:19:40,060	13723	org.example.View.MainApp	[main]	Employee not found for deletion. Invalid ID: 4
INFO	2024-01-29 16:20:49,859	83522	org.example.View.MainApp	[main]	Deleting Employee...
INFO	2024-01-29 16:20:51,193	84856	org.example.View.MainApp	[main]	Employee deleted Successfully
INFO	2024-01-29 16:25:14,526	0	org.example.View.MainApp	[main]	Creating a new employee from user input...
INFO	2024-01-29 16:25:23,833	9307	org.example.View.MainApp	[main]	Employee created successfully
INFO	2024-01-29 16:25:42,806	28280	org.example.View.MainApp	[main]	Deleting Employee...
ERROR	2024-01-29 16:25:45,093	30567	org.example.View.MainApp	[main]	Employee not found for deletion. Invalid ID: 6
INFO	2024-01-29 16:31:19,070	0	org.example.View.MainApp	[main]	Creating a new employee from user input...
INFO	2024-01-29 16:31:30,773	11703	org.example.View.MainApp	[main]	Employee created successfully
INFO	2024-01-29 16:31:33,186	14116	org.example.View.MainApp	[main]	Deleting Employee...
ERROR	2024-01-29 16:31:35,743	16673	org.example.View.MainApp	[main]	Employee not found for deletion. Invalid ID: 4
INFO	2024-01-29 16:35:30,683	0	org.example.View.MainApp	[main]	Creating a new employee from user input...
INFO	2024-01-29 16:35:38,544	7861	org.example.View.MainApp	[main]	Employee created successfully
INFO	2024-01-29 16:35:40,799	10116	org.example.View.MainApp	[main]	Updating Employee...
ERROR	2024-01-29 16:35:45,235	14552	org.example.View.MainApp	[main]	Employee not found for update .Invalid ID : 3
INFO	2024-01-29 16:37:08,328	0	org.example.View.MainApp	[main]	Creating a new employee from user input...
ERROR	2024-01-29 16:37:10,349	2021	org.example.View.MainApp	[main]	Invalid input exception: null
java.util.InputMismatchException
	at java.base/java.util.Scanner.throwFor(Scanner.java:939)
	at java.base/java.util.Scanner.next(Scanner.java:1594)
	at java.base/java.util.Scanner.nextInt(Scanner.java:2258)
	at java.base/java.util.Scanner.nextInt(Scanner.java:2212)
	at org.example.View.MainApp.createEmployeeFromUserInput(MainApp.java:86)
	at org.example.View.MainApp.main(MainApp.java:38)
ERROR	2024-01-29 16:37:12,021	3693	org.example.View.MainApp	[main]	Invalid input exception: null
java.util.InputMismatchException
	at java.base/java.util.Scanner.throwFor(Scanner.java:939)
	at java.base/java.util.Scanner.next(Scanner.java:1594)
	at java.base/java.util.Scanner.nextInt(Scanner.java:2258)
	at java.base/java.util.Scanner.nextInt(Scanner.java:2212)
	at org.example.View.MainApp.createEmployeeFromUserInput(MainApp.java:86)
	at org.example.View.MainApp.main(MainApp.java:38)
INFO	2024-01-29 16:37:27,633	19305	org.example.View.MainApp	[main]	Employee created successfully
INFO	2024-01-29 16:37:31,809	23481	org.example.View.MainApp	[main]	Updating Employee...
ERROR	2024-01-29 16:37:35,060	26732	org.example.View.MainApp	[main]	Employee not found for update .Invalid ID : 8
INFO	2024-01-29 16:39:31,027	0	org.example.View.MainApp	[main]	Creating a new employee from user input...
INFO	2024-01-29 16:39:39,547	8520	org.example.View.MainApp	[main]	Employee created successfully
INFO	2024-01-29 16:39:43,477	12450	org.example.View.MainApp	[main]	Updating Employee...
ERROR	2024-01-29 16:39:46,155	15128	org.example.View.MainApp	[main]	Employee not found for update .Invalid ID : 5
INFO	2024-01-29 16:40:26,947	0	org.example.View.MainApp	[main]	Creating a new employee from user input...
INFO	2024-01-29 16:40:37,776	10829	org.example.View.MainApp	[main]	Employee created successfully
INFO	2024-01-29 16:40:39,667	12720	org.example.View.MainApp	[main]	Updating Employee...
ERROR	2024-01-29 16:40:43,814	16867	org.example.View.MainApp	[main]	Employee not found for update .Invalid ID : 9
ERROR	2024-01-29 16:40:50,043	23096	org.example.View.MainApp	[main]	Invalid input exception: null
java.util.InputMismatchException
	at java.base/java.util.Scanner.throwFor(Scanner.java:939)
	at java.base/java.util.Scanner.next(Scanner.java:1594)
	at java.base/java.util.Scanner.nextInt(Scanner.java:2258)
	at java.base/java.util.Scanner.nextInt(Scanner.java:2212)
	at org.example.View.MainApp.updateEmployee(MainApp.java:149)
	at org.example.View.MainApp.main(MainApp.java:49)
ERROR	2024-01-29 16:40:56,850	29903	org.example.View.MainApp	[main]	Invalid input exception: null
java.util.InputMismatchException
	at java.base/java.util.Scanner.throwFor(Scanner.java:939)
	at java.base/java.util.Scanner.next(Scanner.java:1594)
	at java.base/java.util.Scanner.nextInt(Scanner.java:2258)
	at java.base/java.util.Scanner.nextInt(Scanner.java:2212)
	at org.example.View.MainApp.updateEmployee(MainApp.java:149)
	at org.example.View.MainApp.main(MainApp.java:49)
ERROR	2024-01-29 16:42:25,125	118178	org.example.View.MainApp	[main]	Employee not found for update .Invalid ID : 6
